生成启动时间为 2019/3/7 12:01:52。
     1>项目“H:\lxy\数据结构练习\排序\lesson1\lesson1.vcxproj”在节点 2 上(Build 个目标)。
     1>ClCompile:
         C:\Program Files (x86)\Microsoft Visual Studio 12.0\VC\bin\CL.exe /c /ZI /nologo /W3 /WX- /sdl /Od /Oy- /D _MBCS /Gm /EHsc /RTC1 /MDd /GS /fp:precise /Zc:wchar_t /Zc:forScope /Fo"Debug\\" /Fd"Debug\vc120.pdb" /Gd /TC /analyze- /errorReport:prompt test.c
         test.c
     1>h:\lxy\数据结构练习\排序\lesson1\test.c(17): warning C4047: “初始化”:“int”与“int *”的间接级别不同
     1>h:\lxy\数据结构练习\排序\lesson1\test.c(19): warning C4047: “=”:“int *”与“int”的间接级别不同
     1>h:\lxy\数据结构练习\排序\lesson1\test.c(27): warning C4047: “return”:“int *”与“int **”的间接级别不同
     1>h:\lxy\数据结构练习\排序\lesson1\test.c(36): warning C4047: “初始化”:“int”与“int *”的间接级别不同
     1>h:\lxy\数据结构练习\排序\lesson1\test.c(37): warning C4047: “<”:“int”与“int *”的间接级别不同
     1>h:\lxy\数据结构练习\排序\lesson1\test.c(40): warning C4047: “=”:“int *”与“int”的间接级别不同
     1>h:\lxy\数据结构练习\排序\lesson1\test.c(43): warning C4047: “return”:“int *”与“int **”的间接级别不同
     1>h:\lxy\数据结构练习\排序\lesson1\test.c(109): warning C4047: “初始化”:“int *”与“int”的间接级别不同
     1>h:\lxy\数据结构练习\排序\lesson1\test.c(116): warning C4047: “函数”:“int *”与“int *[15]”的间接级别不同
     1>h:\lxy\数据结构练习\排序\lesson1\test.c(116): warning C4024: “QSort”: 形参和实参 1 的类型不同
       Link:
         C:\Program Files (x86)\Microsoft Visual Studio 12.0\VC\bin\link.exe /ERRORREPORT:PROMPT /OUT:"H:\lxy\数据结构练习\排序\lesson1\Debug\lesson1.exe" /INCREMENTAL /NOLOGO kernel32.lib user32.lib gdi32.lib winspool.lib comdlg32.lib advapi32.lib shell32.lib ole32.lib oleaut32.lib uuid.lib odbc32.lib odbccp32.lib /MANIFEST /MANIFESTUAC:"level='asInvoker' uiAccess='false'" /manifest:embed /DEBUG /PDB:"H:\lxy\数据结构练习\排序\lesson1\Debug\lesson1.pdb" /TLBID:1 /DYNAMICBASE /NXCOMPAT /IMPLIB:"H:\lxy\数据结构练习\排序\lesson1\Debug\lesson1.lib" /MACHINE:X86 Debug\test.obj
         lesson1.vcxproj -> H:\lxy\数据结构练习\排序\lesson1\Debug\lesson1.exe
     1>已完成生成项目“H:\lxy\数据结构练习\排序\lesson1\lesson1.vcxproj”(Build 个目标)的操作。

生成成功。

已用时间 00:00:00.36
